[debug] [2021-12-06T20:39:02.310Z] ----------------------------------------------------------------------
[debug] [2021-12-06T20:39:02.313Z] Command:       /usr/local/bin/node /usr/local/bin/firebase emulators:start --only functions
[debug] [2021-12-06T20:39:02.313Z] CLI Version:   9.23.0
[debug] [2021-12-06T20:39:02.313Z] Platform:      darwin
[debug] [2021-12-06T20:39:02.314Z] Node Version:  v16.13.0
[debug] [2021-12-06T20:39:02.315Z] Time:          Mon Dec 06 2021 20:39:02 GMT+0000 (Greenwich Mean Time)
[debug] [2021-12-06T20:39:02.316Z] ----------------------------------------------------------------------
[debug] 
[debug] [2021-12-06T20:39:02.392Z] > command requires scopes: ["email","openid","https://www.googleapis.com/auth/cloudplatformprojects.readonly","https://www.googleapis.com/auth/firebase","https://www.googleapis.com/auth/cloud-platform"]
[debug] [2021-12-06T20:39:02.392Z] > authorizing via signed-in user (jon.flitcroft@obrienspharmacy.com)
[info] i  emulators: Starting emulators: functions {"metadata":{"emulator":{"name":"hub"},"message":"Starting emulators: functions"}}
[debug] [2021-12-06T20:39:02.442Z] [hub] writing locator at /var/folders/p6/t701y8rn5_j36gyj8yny7ghw0000gn/T/hub-obpg-app.json
[warn] ⚠  functions: The following emulators are not running, calls to these services from the Functions emulator will affect production: auth, firestore, database, hosting, pubsub, storage {"metadata":{"emulator":{"name":"functions"},"message":"The following emulators are not running, calls to these services from the Functions emulator will affect production: \u001b[1mauth, firestore, database, hosting, pubsub, storage\u001b[22m"}}
[warn] ⚠  Your requested "node" version "14" doesn't match your global version "16" {"metadata":{"emulator":{"name":"functions"},"message":"Your requested \"node\" version \"14\" doesn't match your global version \"16\""}}
[debug] [2021-12-06T20:39:02.532Z] defaultcredentials: writing to file /Users/jonflitcroft/.config/firebase/jon_flitcroft_obrienspharmacy.com_application_default_credentials.json
[debug] [2021-12-06T20:39:02.548Z] Setting GAC to /Users/jonflitcroft/.config/firebase/jon_flitcroft_obrienspharmacy.com_application_default_credentials.json {"metadata":{"emulator":{"name":"functions"},"message":"Setting GAC to /Users/jonflitcroft/.config/firebase/jon_flitcroft_obrienspharmacy.com_application_default_credentials.json"}}
[debug] [2021-12-06T20:39:02.555Z] > refreshing access token with scopes: []
[debug] [2021-12-06T20:39:02.558Z] >>> HTTP REQUEST POST https://www.googleapis.com/oauth2/v3/token  
 <request body omitted>
[debug] [2021-12-06T20:39:02.696Z] <<< HTTP RESPONSE 200 {"expires":"Mon, 01 Jan 1990 00:00:00 GMT","cache-control":"no-cache, no-store, max-age=0, must-revalidate","date":"Mon, 06 Dec 2021 20:39:02 GMT","pragma":"no-cache","content-type":"application/json; charset=utf-8","vary":"X-Origin, Referer, Origin,Accept-Encoding","server":"scaffolding on HTTPServer2","x-xss-protection":"0","x-frame-options":"SAMEORIGIN","x-content-type-options":"nosniff","alt-svc":"h3=\":443\"; ma=2592000,h3-29=\":443\"; ma=2592000,h3-Q050=\":443\"; ma=2592000,h3-Q046=\":443\"; ma=2592000,h3-Q043=\":443\"; ma=2592000,quic=\":443\"; ma=2592000; v=\"46,43\"","accept-ranges":"none","transfer-encoding":"chunked"}
[debug] [2021-12-06T20:39:02.718Z] >>> [apiv2][query] GET https://firebase.googleapis.com/v1beta1/projects/obpg-app/adminSdkConfig [none]
[debug] [2021-12-06T20:39:02.973Z] <<< [apiv2][status] GET https://firebase.googleapis.com/v1beta1/projects/obpg-app/adminSdkConfig 200
[debug] [2021-12-06T20:39:02.974Z] <<< [apiv2][body] GET https://firebase.googleapis.com/v1beta1/projects/obpg-app/adminSdkConfig {"projectId":"obpg-app","storageBucket":"obpg-app.appspot.com","locationId":"europe-west"}
[info] i  ui: downloading ui-v1.6.4.zip... {"metadata":{"emulator":{"name":"ui"},"message":"downloading ui-v1.6.4.zip..."}}
[debug] [2021-12-06T20:39:03.266Z] >>> [apiv2][query] GET https://storage.googleapis.com/firebase-preview-drop/emulator/ui-v1.6.4.zip 
[debug] [2021-12-06T20:39:03.348Z] <<< [apiv2][status] GET https://storage.googleapis.com/firebase-preview-drop/emulator/ui-v1.6.4.zip 200
[debug] [2021-12-06T20:39:03.349Z] <<< [apiv2][body] GET https://storage.googleapis.com/firebase-preview-drop/emulator/ui-v1.6.4.zip [stream]
[debug] [2021-12-06T20:39:04.391Z] Ignoring unsupported arg: auto_download {"metadata":{"emulator":{"name":"ui"},"message":"Ignoring unsupported arg: auto_download"}}
[debug] [2021-12-06T20:39:04.392Z] Ignoring unsupported arg: port {"metadata":{"emulator":{"name":"ui"},"message":"Ignoring unsupported arg: port"}}
[debug] [2021-12-06T20:39:04.392Z] Starting Emulator UI with command {"binary":"node","args":["/Users/jonflitcroft/.cache/firebase/emulators/ui-v1.6.4/server.bundle.js"],"optionalArgs":[],"joinArgs":false} {"metadata":{"emulator":{"name":"ui"},"message":"Starting Emulator UI with command {\"binary\":\"node\",\"args\":[\"/Users/jonflitcroft/.cache/firebase/emulators/ui-v1.6.4/server.bundle.js\"],\"optionalArgs\":[],\"joinArgs\":false}"}}
[info] i  ui: Emulator UI logging to ui-debug.log {"metadata":{"emulator":{"name":"ui"},"message":"Emulator UI logging to \u001b[1mui-debug.log\u001b[22m"}}
[debug] [2021-12-06T20:39:04.539Z] Web / API server started at localhost:4000
 {"metadata":{"emulator":{"name":"ui"},"message":"Web / API server started at localhost:4000\n"}}
[info] i  functions: Watching "/Users/jonflitcroft/Coding/React/NetNinjaCourse/OBPG/functions" for Cloud Functions... {"metadata":{"emulator":{"name":"functions"},"message":"Watching \"/Users/jonflitcroft/Coding/React/NetNinjaCourse/OBPG/functions\" for Cloud Functions..."}}
[debug] [2021-12-06T20:39:04.713Z] [worker-pool] addWorker(~diagnostic~) {"metadata":{"emulator":{"name":"functions"},"message":"[worker-pool] addWorker(~diagnostic~)"}}
[debug] [2021-12-06T20:39:04.714Z] [worker-pool] Adding worker with key ~diagnostic~, total=1 {"metadata":{"emulator":{"name":"functions"},"message":"[worker-pool] Adding worker with key ~diagnostic~, total=1"}}
[debug] [2021-12-06T20:39:04.714Z] [worker-pool] submitWork(triggerId=) {"metadata":{"emulator":{"name":"functions"},"message":"[worker-pool] submitWork(triggerId=)"}}
[debug] [2021-12-06T20:39:04.714Z] [worker-~diagnostic~-d4f22650-14dc-4f3c-9edb-ba63a2050d0c]: Assigning socketPath: /var/folders/p6/t701y8rn5_j36gyj8yny7ghw0000gn/T/fire_emu_5986.sock {"metadata":{"emulator":{"name":"functions"},"message":"[worker-~diagnostic~-d4f22650-14dc-4f3c-9edb-ba63a2050d0c]: Assigning socketPath: /var/folders/p6/t701y8rn5_j36gyj8yny7ghw0000gn/T/fire_emu_5986.sock"}}
[debug] [2021-12-06T20:39:04.715Z] [worker-~diagnostic~-d4f22650-14dc-4f3c-9edb-ba63a2050d0c]: BUSY {"metadata":{"emulator":{"name":"functions"},"message":"[worker-~diagnostic~-d4f22650-14dc-4f3c-9edb-ba63a2050d0c]: BUSY"}}
[debug] [2021-12-06T20:39:04.967Z] [runtime-status] [5986] Functions runtime initialized. {"cwd":"/Users/jonflitcroft/Coding/React/NetNinjaCourse/OBPG/functions","node_version":"16.13.0"} {"metadata":{"emulator":{"name":"functions"},"message":"[runtime-status] [5986] Functions runtime initialized. {\"cwd\":\"/Users/jonflitcroft/Coding/React/NetNinjaCourse/OBPG/functions\",\"node_version\":\"16.13.0\"}"}}
[debug] [2021-12-06T20:39:04.973Z] [runtime-status] [5986] Disabled runtime features: undefined {"metadata":{"emulator":{"name":"functions"},"message":"[runtime-status] [5986] Disabled runtime features: undefined"}}
[debug] [2021-12-06T20:39:04.981Z] [runtime-status] [5986] Resolved module firebase-admin {"declared":true,"installed":true,"version":"9.12.0","resolution":"/Users/jonflitcroft/Coding/React/NetNinjaCourse/OBPG/functions/node_modules/firebase-admin/lib/index.js"} {"metadata":{"emulator":{"name":"functions"},"message":"[runtime-status] [5986] Resolved module firebase-admin {\"declared\":true,\"installed\":true,\"version\":\"9.12.0\",\"resolution\":\"/Users/jonflitcroft/Coding/React/NetNinjaCourse/OBPG/functions/node_modules/firebase-admin/lib/index.js\"}"}}
[debug] [2021-12-06T20:39:04.991Z] [runtime-status] [5986] Resolved module firebase-functions {"declared":true,"installed":true,"version":"3.16.0","resolution":"/Users/jonflitcroft/Coding/React/NetNinjaCourse/OBPG/functions/node_modules/firebase-functions/lib/index.js"} {"metadata":{"emulator":{"name":"functions"},"message":"[runtime-status] [5986] Resolved module firebase-functions {\"declared\":true,\"installed\":true,\"version\":\"3.16.0\",\"resolution\":\"/Users/jonflitcroft/Coding/React/NetNinjaCourse/OBPG/functions/node_modules/firebase-functions/lib/index.js\"}"}}
[debug] [2021-12-06T20:39:04.995Z] [runtime-status] [5986] Outgoing network have been stubbed. [{"name":"http","status":"mocked"},{"name":"http","status":"mocked"},{"name":"https","status":"mocked"},{"name":"https","status":"mocked"},{"name":"net","status":"mocked"}] {"metadata":{"emulator":{"name":"functions"},"message":"[runtime-status] [5986] Outgoing network have been stubbed. [{\"name\":\"http\",\"status\":\"mocked\"},{\"name\":\"http\",\"status\":\"mocked\"},{\"name\":\"https\",\"status\":\"mocked\"},{\"name\":\"https\",\"status\":\"mocked\"},{\"name\":\"net\",\"status\":\"mocked\"}]"}}
[debug] [2021-12-06T20:39:04.995Z] [runtime-status] [5986] Resolved module firebase-functions {"declared":true,"installed":true,"version":"3.16.0","resolution":"/Users/jonflitcroft/Coding/React/NetNinjaCourse/OBPG/functions/node_modules/firebase-functions/lib/index.js"} {"metadata":{"emulator":{"name":"functions"},"message":"[runtime-status] [5986] Resolved module firebase-functions {\"declared\":true,\"installed\":true,\"version\":\"3.16.0\",\"resolution\":\"/Users/jonflitcroft/Coding/React/NetNinjaCourse/OBPG/functions/node_modules/firebase-functions/lib/index.js\"}"}}
[debug] [2021-12-06T20:39:05.071Z] [runtime-status] [5986] Checked functions.config() {"config":{}} {"metadata":{"emulator":{"name":"functions"},"message":"[runtime-status] [5986] Checked functions.config() {\"config\":{}}"}}
[debug] [2021-12-06T20:39:05.071Z] [runtime-status] [5986] firebase-functions has been stubbed. {"functionsResolution":{"declared":true,"installed":true,"version":"3.16.0","resolution":"/Users/jonflitcroft/Coding/React/NetNinjaCourse/OBPG/functions/node_modules/firebase-functions/lib/index.js"}} {"metadata":{"emulator":{"name":"functions"},"message":"[runtime-status] [5986] firebase-functions has been stubbed. {\"functionsResolution\":{\"declared\":true,\"installed\":true,\"version\":\"3.16.0\",\"resolution\":\"/Users/jonflitcroft/Coding/React/NetNinjaCourse/OBPG/functions/node_modules/firebase-functions/lib/index.js\"}}"}}
[debug] [2021-12-06T20:39:05.073Z] [runtime-status] [5986] Resolved module firebase-functions {"declared":true,"installed":true,"version":"3.16.0","resolution":"/Users/jonflitcroft/Coding/React/NetNinjaCourse/OBPG/functions/node_modules/firebase-functions/lib/index.js"} {"metadata":{"emulator":{"name":"functions"},"message":"[runtime-status] [5986] Resolved module firebase-functions {\"declared\":true,\"installed\":true,\"version\":\"3.16.0\",\"resolution\":\"/Users/jonflitcroft/Coding/React/NetNinjaCourse/OBPG/functions/node_modules/firebase-functions/lib/index.js\"}"}}
[debug] [2021-12-06T20:39:05.074Z] [runtime-status] [5986] Resolved module firebase-admin {"declared":true,"installed":true,"version":"9.12.0","resolution":"/Users/jonflitcroft/Coding/React/NetNinjaCourse/OBPG/functions/node_modules/firebase-admin/lib/index.js"} {"metadata":{"emulator":{"name":"functions"},"message":"[runtime-status] [5986] Resolved module firebase-admin {\"declared\":true,\"installed\":true,\"version\":\"9.12.0\",\"resolution\":\"/Users/jonflitcroft/Coding/React/NetNinjaCourse/OBPG/functions/node_modules/firebase-admin/lib/index.js\"}"}}
[debug] [2021-12-06T20:39:05.075Z] [runtime-status] [5986] Resolved module firebase-functions {"declared":true,"installed":true,"version":"3.16.0","resolution":"/Users/jonflitcroft/Coding/React/NetNinjaCourse/OBPG/functions/node_modules/firebase-functions/lib/index.js"} {"metadata":{"emulator":{"name":"functions"},"message":"[runtime-status] [5986] Resolved module firebase-functions {\"declared\":true,\"installed\":true,\"version\":\"3.16.0\",\"resolution\":\"/Users/jonflitcroft/Coding/React/NetNinjaCourse/OBPG/functions/node_modules/firebase-functions/lib/index.js\"}"}}
[debug] [2021-12-06T20:39:05.076Z] [runtime-status] [5986] firebase-admin has been stubbed. {"adminResolution":{"declared":true,"installed":true,"version":"9.12.0","resolution":"/Users/jonflitcroft/Coding/React/NetNinjaCourse/OBPG/functions/node_modules/firebase-admin/lib/index.js"}} {"metadata":{"emulator":{"name":"functions"},"message":"[runtime-status] [5986] firebase-admin has been stubbed. {\"adminResolution\":{\"declared\":true,\"installed\":true,\"version\":\"9.12.0\",\"resolution\":\"/Users/jonflitcroft/Coding/React/NetNinjaCourse/OBPG/functions/node_modules/firebase-admin/lib/index.js\"}}"}}
[debug] [2021-12-06T20:39:05.080Z] [worker-~diagnostic~-d4f22650-14dc-4f3c-9edb-ba63a2050d0c]: IDLE {"metadata":{"emulator":{"name":"functions"},"message":"[worker-~diagnostic~-d4f22650-14dc-4f3c-9edb-ba63a2050d0c]: IDLE"}}
[info] ✔  functions[us-central1-helloWorld]: http function initialized (http://localhost:5001/obpg-app/us-central1/helloWorld). {"metadata":{"emulator":{"name":"functions"},"message":"\u001b[1mhttp\u001b[22m function initialized (http://localhost:5001/obpg-app/us-central1/helloWorld)."}}
[info] 
┌─────────────────────────────────────────────────────────────┐
│ ✔  All emulators ready! It is now safe to connect your app. │
│ i  View Emulator UI at http://localhost:4000                │
└─────────────────────────────────────────────────────────────┘

┌───────────┬────────────────┬─────────────────────────────────┐
│ Emulator  │ Host:Port      │ View in Emulator UI             │
├───────────┼────────────────┼─────────────────────────────────┤
│ Functions │ localhost:5001 │ http://localhost:4000/functions │
└───────────┴────────────────┴─────────────────────────────────┘
  Emulator Hub running at localhost:4400
  Other reserved ports: 4500

Issues? Report them at https://github.com/firebase/firebase-tools/issues and attach the *-debug.log files.
 
[debug] [2021-12-06T20:39:48.038Z] [work-queue] {"queueLength":1,"workRunningCount":0}
[debug] [2021-12-06T20:39:48.038Z] [work-queue] {"queueLength":0,"workRunningCount":1}
[debug] [2021-12-06T20:39:48.039Z] Accepted request GET /obpg-app/us-central1/helloWorld --> us-central1-helloWorld
[debug] [2021-12-06T20:39:48.051Z] [worker-pool] addWorker(us-central1-helloWorld) {"metadata":{"emulator":{"name":"functions"},"message":"[worker-pool] addWorker(us-central1-helloWorld)"}}
[debug] [2021-12-06T20:39:48.052Z] [worker-pool] Adding worker with key us-central1-helloWorld, total=1 {"metadata":{"emulator":{"name":"functions"},"message":"[worker-pool] Adding worker with key us-central1-helloWorld, total=1"}}
[debug] [2021-12-06T20:39:48.052Z] [worker-pool] submitWork(triggerId=us-central1-helloWorld) {"metadata":{"emulator":{"name":"functions"},"message":"[worker-pool] submitWork(triggerId=us-central1-helloWorld)"}}
[debug] [2021-12-06T20:39:48.052Z] [worker-us-central1-helloWorld-825aabcc-3fcc-4d32-95d4-56dab813d3a5]: Assigning socketPath: /var/folders/p6/t701y8rn5_j36gyj8yny7ghw0000gn/T/fire_emu_6010.sock {"metadata":{"emulator":{"name":"functions"},"message":"[worker-us-central1-helloWorld-825aabcc-3fcc-4d32-95d4-56dab813d3a5]: Assigning socketPath: /var/folders/p6/t701y8rn5_j36gyj8yny7ghw0000gn/T/fire_emu_6010.sock"}}
[debug] [2021-12-06T20:39:48.053Z] [worker-us-central1-helloWorld-825aabcc-3fcc-4d32-95d4-56dab813d3a5]: BUSY {"metadata":{"emulator":{"name":"functions"},"message":"[worker-us-central1-helloWorld-825aabcc-3fcc-4d32-95d4-56dab813d3a5]: BUSY"}}
[debug] [2021-12-06T20:39:48.586Z] [runtime-status] [6010] Functions runtime initialized. {"cwd":"/Users/jonflitcroft/Coding/React/NetNinjaCourse/OBPG/functions","node_version":"16.13.0"} {"metadata":{"emulator":{"name":"functions"},"function":{"name":"us-central1-helloWorld"},"message":"[runtime-status] [6010] Functions runtime initialized. {\"cwd\":\"/Users/jonflitcroft/Coding/React/NetNinjaCourse/OBPG/functions\",\"node_version\":\"16.13.0\"}"}}
[debug] [2021-12-06T20:39:48.589Z] [runtime-status] [6010] Disabled runtime features: undefined {"metadata":{"emulator":{"name":"functions"},"function":{"name":"us-central1-helloWorld"},"message":"[runtime-status] [6010] Disabled runtime features: undefined"}}
[debug] [2021-12-06T20:39:48.593Z] [runtime-status] [6010] Resolved module firebase-admin {"declared":true,"installed":true,"version":"9.12.0","resolution":"/Users/jonflitcroft/Coding/React/NetNinjaCourse/OBPG/functions/node_modules/firebase-admin/lib/index.js"} {"metadata":{"emulator":{"name":"functions"},"function":{"name":"us-central1-helloWorld"},"message":"[runtime-status] [6010] Resolved module firebase-admin {\"declared\":true,\"installed\":true,\"version\":\"9.12.0\",\"resolution\":\"/Users/jonflitcroft/Coding/React/NetNinjaCourse/OBPG/functions/node_modules/firebase-admin/lib/index.js\"}"}}
[debug] [2021-12-06T20:39:48.602Z] [runtime-status] [6010] Resolved module firebase-functions {"declared":true,"installed":true,"version":"3.16.0","resolution":"/Users/jonflitcroft/Coding/React/NetNinjaCourse/OBPG/functions/node_modules/firebase-functions/lib/index.js"} {"metadata":{"emulator":{"name":"functions"},"function":{"name":"us-central1-helloWorld"},"message":"[runtime-status] [6010] Resolved module firebase-functions {\"declared\":true,\"installed\":true,\"version\":\"3.16.0\",\"resolution\":\"/Users/jonflitcroft/Coding/React/NetNinjaCourse/OBPG/functions/node_modules/firebase-functions/lib/index.js\"}"}}
[debug] [2021-12-06T20:39:48.607Z] [runtime-status] [6010] Outgoing network have been stubbed. [{"name":"http","status":"mocked"},{"name":"http","status":"mocked"},{"name":"https","status":"mocked"},{"name":"https","status":"mocked"},{"name":"net","status":"mocked"}] {"metadata":{"emulator":{"name":"functions"},"function":{"name":"us-central1-helloWorld"},"message":"[runtime-status] [6010] Outgoing network have been stubbed. [{\"name\":\"http\",\"status\":\"mocked\"},{\"name\":\"http\",\"status\":\"mocked\"},{\"name\":\"https\",\"status\":\"mocked\"},{\"name\":\"https\",\"status\":\"mocked\"},{\"name\":\"net\",\"status\":\"mocked\"}]"}}
[debug] [2021-12-06T20:39:48.611Z] [runtime-status] [6010] Resolved module firebase-functions {"declared":true,"installed":true,"version":"3.16.0","resolution":"/Users/jonflitcroft/Coding/React/NetNinjaCourse/OBPG/functions/node_modules/firebase-functions/lib/index.js"} {"metadata":{"emulator":{"name":"functions"},"function":{"name":"us-central1-helloWorld"},"message":"[runtime-status] [6010] Resolved module firebase-functions {\"declared\":true,\"installed\":true,\"version\":\"3.16.0\",\"resolution\":\"/Users/jonflitcroft/Coding/React/NetNinjaCourse/OBPG/functions/node_modules/firebase-functions/lib/index.js\"}"}}
[debug] [2021-12-06T20:39:48.700Z] [runtime-status] [6010] Checked functions.config() {"config":{}} {"metadata":{"emulator":{"name":"functions"},"function":{"name":"us-central1-helloWorld"},"message":"[runtime-status] [6010] Checked functions.config() {\"config\":{}}"}}
[debug] [2021-12-06T20:39:48.700Z] [runtime-status] [6010] firebase-functions has been stubbed. {"functionsResolution":{"declared":true,"installed":true,"version":"3.16.0","resolution":"/Users/jonflitcroft/Coding/React/NetNinjaCourse/OBPG/functions/node_modules/firebase-functions/lib/index.js"}} {"metadata":{"emulator":{"name":"functions"},"function":{"name":"us-central1-helloWorld"},"message":"[runtime-status] [6010] firebase-functions has been stubbed. {\"functionsResolution\":{\"declared\":true,\"installed\":true,\"version\":\"3.16.0\",\"resolution\":\"/Users/jonflitcroft/Coding/React/NetNinjaCourse/OBPG/functions/node_modules/firebase-functions/lib/index.js\"}}"}}
[debug] [2021-12-06T20:39:48.701Z] [runtime-status] [6010] Resolved module firebase-functions {"declared":true,"installed":true,"version":"3.16.0","resolution":"/Users/jonflitcroft/Coding/React/NetNinjaCourse/OBPG/functions/node_modules/firebase-functions/lib/index.js"} {"metadata":{"emulator":{"name":"functions"},"function":{"name":"us-central1-helloWorld"},"message":"[runtime-status] [6010] Resolved module firebase-functions {\"declared\":true,\"installed\":true,\"version\":\"3.16.0\",\"resolution\":\"/Users/jonflitcroft/Coding/React/NetNinjaCourse/OBPG/functions/node_modules/firebase-functions/lib/index.js\"}"}}
[debug] [2021-12-06T20:39:48.703Z] [runtime-status] [6010] Resolved module firebase-admin {"declared":true,"installed":true,"version":"9.12.0","resolution":"/Users/jonflitcroft/Coding/React/NetNinjaCourse/OBPG/functions/node_modules/firebase-admin/lib/index.js"} {"metadata":{"emulator":{"name":"functions"},"function":{"name":"us-central1-helloWorld"},"message":"[runtime-status] [6010] Resolved module firebase-admin {\"declared\":true,\"installed\":true,\"version\":\"9.12.0\",\"resolution\":\"/Users/jonflitcroft/Coding/React/NetNinjaCourse/OBPG/functions/node_modules/firebase-admin/lib/index.js\"}"}}
[debug] [2021-12-06T20:39:48.704Z] [runtime-status] [6010] Resolved module firebase-functions {"declared":true,"installed":true,"version":"3.16.0","resolution":"/Users/jonflitcroft/Coding/React/NetNinjaCourse/OBPG/functions/node_modules/firebase-functions/lib/index.js"} {"metadata":{"emulator":{"name":"functions"},"function":{"name":"us-central1-helloWorld"},"message":"[runtime-status] [6010] Resolved module firebase-functions {\"declared\":true,\"installed\":true,\"version\":\"3.16.0\",\"resolution\":\"/Users/jonflitcroft/Coding/React/NetNinjaCourse/OBPG/functions/node_modules/firebase-functions/lib/index.js\"}"}}
[debug] [2021-12-06T20:39:48.705Z] [runtime-status] [6010] firebase-admin has been stubbed. {"adminResolution":{"declared":true,"installed":true,"version":"9.12.0","resolution":"/Users/jonflitcroft/Coding/React/NetNinjaCourse/OBPG/functions/node_modules/firebase-admin/lib/index.js"}} {"metadata":{"emulator":{"name":"functions"},"function":{"name":"us-central1-helloWorld"},"message":"[runtime-status] [6010] firebase-admin has been stubbed. {\"adminResolution\":{\"declared\":true,\"installed\":true,\"version\":\"9.12.0\",\"resolution\":\"/Users/jonflitcroft/Coding/React/NetNinjaCourse/OBPG/functions/node_modules/firebase-admin/lib/index.js\"}}"}}
[debug] [2021-12-06T20:39:48.710Z] [runtime-status] [6010] Trigger "us-central1-helloWorld" has been found, beginning invocation! {"metadata":{"emulator":{"name":"functions"},"function":{"name":"us-central1-helloWorld"},"message":"[runtime-status] [6010] Trigger \"us-central1-helloWorld\" has been found, beginning invocation!"}}
[info] i  functions: Beginning execution of "us-central1-helloWorld" {"metadata":{"emulator":{"name":"functions"},"function":{"name":"us-central1-helloWorld"},"message":"Beginning execution of \"us-central1-helloWorld\""}}
[debug] [2021-12-06T20:39:48.712Z] [runtime-status] [6010] triggerDefinition {"httpsTrigger":{},"name":"helloWorld","entryPoint":"helloWorld","regions":["us-central1"],"region":"us-central1","id":"us-central1-helloWorld"} {"metadata":{"emulator":{"name":"functions"},"function":{"name":"us-central1-helloWorld"},"message":"[runtime-status] [6010] triggerDefinition {\"httpsTrigger\":{},\"name\":\"helloWorld\",\"entryPoint\":\"helloWorld\",\"regions\":[\"us-central1\"],\"region\":\"us-central1\",\"id\":\"us-central1-helloWorld\"}"}}
[debug] [2021-12-06T20:39:48.713Z] [runtime-status] [6010] Running us-central1-helloWorld in signature http {"metadata":{"emulator":{"name":"functions"},"function":{"name":"us-central1-helloWorld"},"message":"[runtime-status] [6010] Running us-central1-helloWorld in signature http"}}
[debug] [2021-12-06T20:39:48.721Z] [runtime-status] [6010] Attempting to listen to socketPath: /var/folders/p6/t701y8rn5_j36gyj8yny7ghw0000gn/T/fire_emu_6010.sock {"metadata":{"emulator":{"name":"functions"},"function":{"name":"us-central1-helloWorld"},"message":"[runtime-status] [6010] Attempting to listen to socketPath: /var/folders/p6/t701y8rn5_j36gyj8yny7ghw0000gn/T/fire_emu_6010.sock"}}
[debug] [2021-12-06T20:39:48.726Z] [functions] Runtime ready! Sending request! {"metadata":{"emulator":{"name":"functions"},"message":"[functions] Runtime ready! Sending request!"}}
[debug] [2021-12-06T20:39:48.727Z] [functions] Got req.url=/obpg-app/us-central1/helloWorld, mapping to path=/ {"metadata":{"emulator":{"name":"functions"},"message":"[functions] Got req.url=/obpg-app/us-central1/helloWorld, mapping to path=/"}}
[debug] [2021-12-06T20:39:48.737Z] [runtime-status] [6010] Ephemeral server handling GET request {"metadata":{"emulator":{"name":"functions"},"function":{"name":"us-central1-helloWorld"},"message":"[runtime-status] [6010] Ephemeral server handling GET request"}}
[info] >  {"structuredData":true,"severity":"INFO","message":"Hello logs!"} {"user":{"structuredData":true,"severity":"INFO","message":"Hello logs!"},"metadata":{"emulator":{"name":"functions"},"function":{"name":"us-central1-helloWorld"},"message":"\u001b[90m> \u001b[39m {\"structuredData\":true,\"severity\":\"INFO\",\"message\":\"Hello logs!\"}"}}
[debug] [2021-12-06T20:39:48.758Z] [runtime-status] [6010] Ephemeral server survived. {"metadata":{"emulator":{"name":"functions"},"function":{"name":"us-central1-helloWorld"},"message":"[runtime-status] [6010] Ephemeral server survived."}}
[info] i  functions: Finished "us-central1-helloWorld" in ~1s {"metadata":{"emulator":{"name":"functions"},"function":{"name":"us-central1-helloWorld"},"message":"Finished \"us-central1-helloWorld\" in ~1s"}}
[debug] [2021-12-06T20:39:48.763Z] [worker-us-central1-helloWorld-825aabcc-3fcc-4d32-95d4-56dab813d3a5]: IDLE {"metadata":{"emulator":{"name":"functions"},"message":"[worker-us-central1-helloWorld-825aabcc-3fcc-4d32-95d4-56dab813d3a5]: IDLE"}}
[debug] [2021-12-06T20:39:48.764Z] [work-queue] {"queueLength":0,"workRunningCount":0}
[debug] [2021-12-06T20:39:48.929Z] Functions emulator received unknown request at path /favicon.ico
